2024-05-16T16:37:15.717Z pid=38128 tid=hgxhbu3ro INFO: Booting Sidekiq 6.5.12 with Sidekiq::RedisConnection::RedisAdapter options {:url=>"redis://localhost:6379/0"}
2024-05-16T16:37:15.781Z pid=38128 tid=hgxhbu3ro INFO: Booted Rails 5.2.8.1 application in development environment
2024-05-16T16:37:15.781Z pid=38128 tid=hgxhbu3ro INFO: Running in ruby 2.6.3p62 (2019-04-16 revision 67580) [x86_64-linux]
2024-05-16T16:37:15.781Z pid=38128 tid=hgxhbu3ro INFO: See LICENSE and the LGPL-3.0 for licensing details.
2024-05-16T16:37:15.781Z pid=38128 tid=hgxhbu3ro INFO: Upgrade to Sidekiq Pro for more features and support: https://sidekiq.org
2024-05-16T17:37:10.365Z pid=38128 tid=hgxhq0p4o class=DownloadOrdersCsvWorker jid=fe084b5015ba15c6408c7f0f INFO: start
2024-05-16T17:37:10.443Z pid=38128 tid=hgxhq0p4o class=DownloadOrdersCsvWorker jid=fe084b5015ba15c6408c7f0f elapsed=0.078 INFO: fail
2024-05-16T17:37:10.444Z pid=38128 tid=hgxhq0p4o WARN: {"context":"Job raised exception","job":{"retry":10,"queue":"critical","args":["#<Order::ActiveRecord_Relation:0x000079e5341a4148>"],"class":"DownloadOrdersCsvWorker","jid":"fe084b5015ba15c6408c7f0f","created_at":1715881030.3636394,"enqueued_at":1715881030.3642955}}
2024-05-16T17:37:10.444Z pid=38128 tid=hgxhq0p4o WARN: NameError: uninitialized constant DownloadOrdersCsvWorker
2024-05-16T17:37:10.444Z pid=38128 tid=hgxhq0p4o WARN: /home/welcome/.rbenv/versions/2.6.3/lib/ruby/gems/2.6.0/gems/sidekiq-6.5.12/lib/sidekiq/processor.rb:274:in `const_get'
/home/welcome/.rbenv/versions/2.6.3/lib/ruby/gems/2.6.0/gems/sidekiq-6.5.12/lib/sidekiq/processor.rb:274:in `constantize'
/home/welcome/.rbenv/versions/2.6.3/lib/ruby/gems/2.6.0/gems/sidekiq-6.5.12/lib/sidekiq/processor.rb:132:in `block (5 levels) in dispatch'
/home/welcome/.rbenv/versions/2.6.3/lib/ruby/gems/2.6.0/gems/sidekiq-6.5.12/lib/sidekiq/rails.rb:14:in `block in call'
/home/welcome/.rbenv/versions/2.6.3/lib/ruby/gems/2.6.0/gems/activesupport-5.2.8.1/lib/active_support/execution_wrapper.rb:90:in `wrap'
/home/welcome/.rbenv/versions/2.6.3/lib/ruby/gems/2.6.0/gems/activesupport-5.2.8.1/lib/active_support/reloader.rb:73:in `block in wrap'
/home/welcome/.rbenv/versions/2.6.3/lib/ruby/gems/2.6.0/gems/activesupport-5.2.8.1/lib/active_support/execution_wrapper.rb:90:in `wrap'
/home/welcome/.rbenv/versions/2.6.3/lib/ruby/gems/2.6.0/gems/activesupport-5.2.8.1/lib/active_support/reloader.rb:72:in `wrap'
/home/welcome/.rbenv/versions/2.6.3/lib/ruby/gems/2.6.0/gems/sidekiq-6.5.12/lib/sidekiq/rails.rb:13:in `call'
/home/welcome/.rbenv/versions/2.6.3/lib/ruby/gems/2.6.0/gems/sidekiq-6.5.12/lib/sidekiq/processor.rb:131:in `block (4 levels) in dispatch'
/home/welcome/.rbenv/versions/2.6.3/lib/ruby/gems/2.6.0/gems/sidekiq-6.5.12/lib/sidekiq/processor.rb:263:in `stats'
/home/welcome/.rbenv/versions/2.6.3/lib/ruby/gems/2.6.0/gems/sidekiq-6.5.12/lib/sidekiq/processor.rb:126:in `block (3 levels) in dispatch'
/home/welcome/.rbenv/versions/2.6.3/lib/ruby/gems/2.6.0/gems/sidekiq-6.5.12/lib/sidekiq/job_logger.rb:13:in `call'
/home/welcome/.rbenv/versions/2.6.3/lib/ruby/gems/2.6.0/gems/sidekiq-6.5.12/lib/sidekiq/processor.rb:125:in `block (2 levels) in dispatch'
/home/welcome/.rbenv/versions/2.6.3/lib/ruby/gems/2.6.0/gems/sidekiq-6.5.12/lib/sidekiq/job_retry.rb:80:in `global'
/home/welcome/.rbenv/versions/2.6.3/lib/ruby/gems/2.6.0/gems/sidekiq-6.5.12/lib/sidekiq/processor.rb:124:in `block in dispatch'
/home/welcome/.rbenv/versions/2.6.3/lib/ruby/gems/2.6.0/gems/sidekiq-6.5.12/lib/sidekiq/job_logger.rb:39:in `prepare'
/home/welcome/.rbenv/versions/2.6.3/lib/ruby/gems/2.6.0/gems/sidekiq-6.5.12/lib/sidekiq/processor.rb:123:in `dispatch'
/home/welcome/.rbenv/versions/2.6.3/lib/ruby/gems/2.6.0/gems/sidekiq-6.5.12/lib/sidekiq/processor.rb:168:in `process'
/home/welcome/.rbenv/versions/2.6.3/lib/ruby/gems/2.6.0/gems/sidekiq-6.5.12/lib/sidekiq/processor.rb:78:in `process_one'
/home/welcome/.rbenv/versions/2.6.3/lib/ruby/gems/2.6.0/gems/sidekiq-6.5.12/lib/sidekiq/processor.rb:68:in `run'
/home/welcome/.rbenv/versions/2.6.3/lib/ruby/gems/2.6.0/gems/sidekiq-6.5.12/lib/sidekiq/component.rb:8:in `watchdog'
/home/welcome/.rbenv/versions/2.6.3/lib/ruby/gems/2.6.0/gems/sidekiq-6.5.12/lib/sidekiq/component.rb:17:in `block in safe_thread'
2024-05-16T17:37:23.378Z pid=38128 tid=hgxhr5u3o class=DownloadOrdersCsvWorker jid=a7ac39647fad637ee1631367 INFO: start
2024-05-16T17:37:23.380Z pid=38128 tid=hgxhr5u3o class=DownloadOrdersCsvWorker jid=a7ac39647fad637ee1631367 elapsed=0.001 INFO: fail
2024-05-16T17:37:23.380Z pid=38128 tid=hgxhr5u3o WARN: {"context":"Job raised exception","job":{"retry":10,"queue":"critical","args":["#<Order::ActiveRecord_Relation:0x000079e52c01d0c0>"],"class":"DownloadOrdersCsvWorker","jid":"a7ac39647fad637ee1631367","created_at":1715881043.3780015,"enqueued_at":1715881043.3783312}}
2024-05-16T17:37:23.381Z pid=38128 tid=hgxhr5u3o WARN: NameError: uninitialized constant DownloadOrdersCsvWorker
2024-05-16T17:37:23.381Z pid=38128 tid=hgxhr5u3o WARN: /home/welcome/.rbenv/versions/2.6.3/lib/ruby/gems/2.6.0/gems/sidekiq-6.5.12/lib/sidekiq/processor.rb:274:in `const_get'
/home/welcome/.rbenv/versions/2.6.3/lib/ruby/gems/2.6.0/gems/sidekiq-6.5.12/lib/sidekiq/processor.rb:274:in `constantize'
/home/welcome/.rbenv/versions/2.6.3/lib/ruby/gems/2.6.0/gems/sidekiq-6.5.12/lib/sidekiq/processor.rb:132:in `block (5 levels) in dispatch'
/home/welcome/.rbenv/versions/2.6.3/lib/ruby/gems/2.6.0/gems/sidekiq-6.5.12/lib/sidekiq/rails.rb:14:in `block in call'
/home/welcome/.rbenv/versions/2.6.3/lib/ruby/gems/2.6.0/gems/activesupport-5.2.8.1/lib/active_support/execution_wrapper.rb:90:in `wrap'
/home/welcome/.rbenv/versions/2.6.3/lib/ruby/gems/2.6.0/gems/activesupport-5.2.8.1/lib/active_support/reloader.rb:73:in `block in wrap'
/home/welcome/.rbenv/versions/2.6.3/lib/ruby/gems/2.6.0/gems/activesupport-5.2.8.1/lib/active_support/execution_wrapper.rb:90:in `wrap'
/home/welcome/.rbenv/versions/2.6.3/lib/ruby/gems/2.6.0/gems/activesupport-5.2.8.1/lib/active_support/reloader.rb:72:in `wrap'
/home/welcome/.rbenv/versions/2.6.3/lib/ruby/gems/2.6.0/gems/sidekiq-6.5.12/lib/sidekiq/rails.rb:13:in `call'
/home/welcome/.rbenv/versions/2.6.3/lib/ruby/gems/2.6.0/gems/sidekiq-6.5.12/lib/sidekiq/processor.rb:131:in `block (4 levels) in dispatch'
/home/welcome/.rbenv/versions/2.6.3/lib/ruby/gems/2.6.0/gems/sidekiq-6.5.12/lib/sidekiq/processor.rb:263:in `stats'
/home/welcome/.rbenv/versions/2.6.3/lib/ruby/gems/2.6.0/gems/sidekiq-6.5.12/lib/sidekiq/processor.rb:126:in `block (3 levels) in dispatch'
/home/welcome/.rbenv/versions/2.6.3/lib/ruby/gems/2.6.0/gems/sidekiq-6.5.12/lib/sidekiq/job_logger.rb:13:in `call'
/home/welcome/.rbenv/versions/2.6.3/lib/ruby/gems/2.6.0/gems/sidekiq-6.5.12/lib/sidekiq/processor.rb:125:in `block (2 levels) in dispatch'
/home/welcome/.rbenv/versions/2.6.3/lib/ruby/gems/2.6.0/gems/sidekiq-6.5.12/lib/sidekiq/job_retry.rb:80:in `global'
/home/welcome/.rbenv/versions/2.6.3/lib/ruby/gems/2.6.0/gems/sidekiq-6.5.12/lib/sidekiq/processor.rb:124:in `block in dispatch'
/home/welcome/.rbenv/versions/2.6.3/lib/ruby/gems/2.6.0/gems/sidekiq-6.5.12/lib/sidekiq/job_logger.rb:39:in `prepare'
/home/welcome/.rbenv/versions/2.6.3/lib/ruby/gems/2.6.0/gems/sidekiq-6.5.12/lib/sidekiq/processor.rb:123:in `dispatch'
/home/welcome/.rbenv/versions/2.6.3/lib/ruby/gems/2.6.0/gems/sidekiq-6.5.12/lib/sidekiq/processor.rb:168:in `process'
/home/welcome/.rbenv/versions/2.6.3/lib/ruby/gems/2.6.0/gems/sidekiq-6.5.12/lib/sidekiq/processor.rb:78:in `process_one'
/home/welcome/.rbenv/versions/2.6.3/lib/ruby/gems/2.6.0/gems/sidekiq-6.5.12/lib/sidekiq/processor.rb:68:in `run'
/home/welcome/.rbenv/versions/2.6.3/lib/ruby/gems/2.6.0/gems/sidekiq-6.5.12/lib/sidekiq/component.rb:8:in `watchdog'
/home/welcome/.rbenv/versions/2.6.3/lib/ruby/gems/2.6.0/gems/sidekiq-6.5.12/lib/sidekiq/component.rb:17:in `block in safe_thread'
2024-05-16T17:37:23.656Z pid=38128 tid=hgxhq0s50 class=DownloadOrdersCsvWorker jid=9aec8dd4cb65a18d6e2be984 INFO: start
2024-05-16T17:37:23.658Z pid=38128 tid=hgxhq0s50 class=DownloadOrdersCsvWorker jid=9aec8dd4cb65a18d6e2be984 elapsed=0.001 INFO: fail
2024-05-16T17:37:23.658Z pid=38128 tid=hgxhq0s50 WARN: {"context":"Job raised exception","job":{"retry":10,"queue":"critical","args":["#<Order::ActiveRecord_Relation:0x000079e54401d008>"],"class":"DownloadOrdersCsvWorker","jid":"9aec8dd4cb65a18d6e2be984","created_at":1715881043.6560206,"enqueued_at":1715881043.6563466}}
2024-05-16T17:37:23.659Z pid=38128 tid=hgxhq0s50 WARN: NameError: uninitialized constant DownloadOrdersCsvWorker
2024-05-16T17:37:23.659Z pid=38128 tid=hgxhq0s50 WARN: /home/welcome/.rbenv/versions/2.6.3/lib/ruby/gems/2.6.0/gems/sidekiq-6.5.12/lib/sidekiq/processor.rb:274:in `const_get'
/home/welcome/.rbenv/versions/2.6.3/lib/ruby/gems/2.6.0/gems/sidekiq-6.5.12/lib/sidekiq/processor.rb:274:in `constantize'
/home/welcome/.rbenv/versions/2.6.3/lib/ruby/gems/2.6.0/gems/sidekiq-6.5.12/lib/sidekiq/processor.rb:132:in `block (5 levels) in dispatch'
/home/welcome/.rbenv/versions/2.6.3/lib/ruby/gems/2.6.0/gems/sidekiq-6.5.12/lib/sidekiq/rails.rb:14:in `block in call'
/home/welcome/.rbenv/versions/2.6.3/lib/ruby/gems/2.6.0/gems/activesupport-5.2.8.1/lib/active_support/execution_wrapper.rb:90:in `wrap'
/home/welcome/.rbenv/versions/2.6.3/lib/ruby/gems/2.6.0/gems/activesupport-5.2.8.1/lib/active_support/reloader.rb:73:in `block in wrap'
/home/welcome/.rbenv/versions/2.6.3/lib/ruby/gems/2.6.0/gems/activesupport-5.2.8.1/lib/active_support/execution_wrapper.rb:90:in `wrap'
/home/welcome/.rbenv/versions/2.6.3/lib/ruby/gems/2.6.0/gems/activesupport-5.2.8.1/lib/active_support/reloader.rb:72:in `wrap'
/home/welcome/.rbenv/versions/2.6.3/lib/ruby/gems/2.6.0/gems/sidekiq-6.5.12/lib/sidekiq/rails.rb:13:in `call'
/home/welcome/.rbenv/versions/2.6.3/lib/ruby/gems/2.6.0/gems/sidekiq-6.5.12/lib/sidekiq/processor.rb:131:in `block (4 levels) in dispatch'
/home/welcome/.rbenv/versions/2.6.3/lib/ruby/gems/2.6.0/gems/sidekiq-6.5.12/lib/sidekiq/processor.rb:263:in `stats'
/home/welcome/.rbenv/versions/2.6.3/lib/ruby/gems/2.6.0/gems/sidekiq-6.5.12/lib/sidekiq/processor.rb:126:in `block (3 levels) in dispatch'
/home/welcome/.rbenv/versions/2.6.3/lib/ruby/gems/2.6.0/gems/sidekiq-6.5.12/lib/sidekiq/job_logger.rb:13:in `call'
/home/welcome/.rbenv/versions/2.6.3/lib/ruby/gems/2.6.0/gems/sidekiq-6.5.12/lib/sidekiq/processor.rb:125:in `block (2 levels) in dispatch'
/home/welcome/.rbenv/versions/2.6.3/lib/ruby/gems/2.6.0/gems/sidekiq-6.5.12/lib/sidekiq/job_retry.rb:80:in `global'
/home/welcome/.rbenv/versions/2.6.3/lib/ruby/gems/2.6.0/gems/sidekiq-6.5.12/lib/sidekiq/processor.rb:124:in `block in dispatch'
/home/welcome/.rbenv/versions/2.6.3/lib/ruby/gems/2.6.0/gems/sidekiq-6.5.12/lib/sidekiq/job_logger.rb:39:in `prepare'
/home/welcome/.rbenv/versions/2.6.3/lib/ruby/gems/2.6.0/gems/sidekiq-6.5.12/lib/sidekiq/processor.rb:123:in `dispatch'
/home/welcome/.rbenv/versions/2.6.3/lib/ruby/gems/2.6.0/gems/sidekiq-6.5.12/lib/sidekiq/processor.rb:168:in `process'
/home/welcome/.rbenv/versions/2.6.3/lib/ruby/gems/2.6.0/gems/sidekiq-6.5.12/lib/sidekiq/processor.rb:78:in `process_one'
/home/welcome/.rbenv/versions/2.6.3/lib/ruby/gems/2.6.0/gems/sidekiq-6.5.12/lib/sidekiq/processor.rb:68:in `run'
/home/welcome/.rbenv/versions/2.6.3/lib/ruby/gems/2.6.0/gems/sidekiq-6.5.12/lib/sidekiq/component.rb:8:in `watchdog'
/home/welcome/.rbenv/versions/2.6.3/lib/ruby/gems/2.6.0/gems/sidekiq-6.5.12/lib/sidekiq/component.rb:17:in `block in safe_thread'
2024-05-16T17:37:23.789Z pid=38128 tid=hgxhq0oxg class=DownloadOrdersCsvWorker jid=0d9f0c823ca3331909925207 INFO: start
2024-05-16T17:37:23.790Z pid=38128 tid=hgxhq0oxg class=DownloadOrdersCsvWorker jid=0d9f0c823ca3331909925207 elapsed=0.001 INFO: fail
2024-05-16T17:37:23.791Z pid=38128 tid=hgxhq0oxg WARN: {"context":"Job raised exception","job":{"retry":10,"queue":"critical","args":["#<Order::ActiveRecord_Relation:0x000079e5440d17b0>"],"class":"DownloadOrdersCsvWorker","jid":"0d9f0c823ca3331909925207","created_at":1715881043.788634,"enqueued_at":1715881043.7888877}}
2024-05-16T17:37:23.791Z pid=38128 tid=hgxhq0oxg WARN: NameError: uninitialized constant DownloadOrdersCsvWorker
2024-05-16T17:37:23.791Z pid=38128 tid=hgxhq0oxg WARN: /home/welcome/.rbenv/versions/2.6.3/lib/ruby/gems/2.6.0/gems/sidekiq-6.5.12/lib/sidekiq/processor.rb:274:in `const_get'
/home/welcome/.rbenv/versions/2.6.3/lib/ruby/gems/2.6.0/gems/sidekiq-6.5.12/lib/sidekiq/processor.rb:274:in `constantize'
/home/welcome/.rbenv/versions/2.6.3/lib/ruby/gems/2.6.0/gems/sidekiq-6.5.12/lib/sidekiq/processor.rb:132:in `block (5 levels) in dispatch'
/home/welcome/.rbenv/versions/2.6.3/lib/ruby/gems/2.6.0/gems/sidekiq-6.5.12/lib/sidekiq/rails.rb:14:in `block in call'
/home/welcome/.rbenv/versions/2.6.3/lib/ruby/gems/2.6.0/gems/activesupport-5.2.8.1/lib/active_support/execution_wrapper.rb:90:in `wrap'
/home/welcome/.rbenv/versions/2.6.3/lib/ruby/gems/2.6.0/gems/activesupport-5.2.8.1/lib/active_support/reloader.rb:73:in `block in wrap'
/home/welcome/.rbenv/versions/2.6.3/lib/ruby/gems/2.6.0/gems/activesupport-5.2.8.1/lib/active_support/execution_wrapper.rb:90:in `wrap'
/home/welcome/.rbenv/versions/2.6.3/lib/ruby/gems/2.6.0/gems/activesupport-5.2.8.1/lib/active_support/reloader.rb:72:in `wrap'
/home/welcome/.rbenv/versions/2.6.3/lib/ruby/gems/2.6.0/gems/sidekiq-6.5.12/lib/sidekiq/rails.rb:13:in `call'
/home/welcome/.rbenv/versions/2.6.3/lib/ruby/gems/2.6.0/gems/sidekiq-6.5.12/lib/sidekiq/processor.rb:131:in `block (4 levels) in dispatch'
/home/welcome/.rbenv/versions/2.6.3/lib/ruby/gems/2.6.0/gems/sidekiq-6.5.12/lib/sidekiq/processor.rb:263:in `stats'
/home/welcome/.rbenv/versions/2.6.3/lib/ruby/gems/2.6.0/gems/sidekiq-6.5.12/lib/sidekiq/processor.rb:126:in `block (3 levels) in dispatch'
/home/welcome/.rbenv/versions/2.6.3/lib/ruby/gems/2.6.0/gems/sidekiq-6.5.12/lib/sidekiq/job_logger.rb:13:in `call'
/home/welcome/.rbenv/versions/2.6.3/lib/ruby/gems/2.6.0/gems/sidekiq-6.5.12/lib/sidekiq/processor.rb:125:in `block (2 levels) in dispatch'
/home/welcome/.rbenv/versions/2.6.3/lib/ruby/gems/2.6.0/gems/sidekiq-6.5.12/lib/sidekiq/job_retry.rb:80:in `global'
/home/welcome/.rbenv/versions/2.6.3/lib/ruby/gems/2.6.0/gems/sidekiq-6.5.12/lib/sidekiq/processor.rb:124:in `block in dispatch'
/home/welcome/.rbenv/versions/2.6.3/lib/ruby/gems/2.6.0/gems/sidekiq-6.5.12/lib/sidekiq/job_logger.rb:39:in `prepare'
/home/welcome/.rbenv/versions/2.6.3/lib/ruby/gems/2.6.0/gems/sidekiq-6.5.12/lib/sidekiq/processor.rb:123:in `dispatch'
/home/welcome/.rbenv/versions/2.6.3/lib/ruby/gems/2.6.0/gems/sidekiq-6.5.12/lib/sidekiq/processor.rb:168:in `process'
/home/welcome/.rbenv/versions/2.6.3/lib/ruby/gems/2.6.0/gems/sidekiq-6.5.12/lib/sidekiq/processor.rb:78:in `process_one'
/home/welcome/.rbenv/versions/2.6.3/lib/ruby/gems/2.6.0/gems/sidekiq-6.5.12/lib/sidekiq/processor.rb:68:in `run'
/home/welcome/.rbenv/versions/2.6.3/lib/ruby/gems/2.6.0/gems/sidekiq-6.5.12/lib/sidekiq/component.rb:8:in `watchdog'
/home/welcome/.rbenv/versions/2.6.3/lib/ruby/gems/2.6.0/gems/sidekiq-6.5.12/lib/sidekiq/component.rb:17:in `block in safe_thread'
2024-05-16T17:37:23.927Z pid=38128 tid=hgxhq0n6k class=DownloadOrdersCsvWorker jid=342c5db2c911056eda88968c INFO: start
2024-05-16T17:37:23.928Z pid=38128 tid=hgxhq0n6k class=DownloadOrdersCsvWorker jid=342c5db2c911056eda88968c elapsed=0.001 INFO: fail
2024-05-16T17:37:23.929Z pid=38128 tid=hgxhq0n6k WARN: {"context":"Job raised exception","job":{"retry":10,"queue":"critical","args":["#<Order::ActiveRecord_Relation:0x000079e5441921e0>"],"class":"DownloadOrdersCsvWorker","jid":"342c5db2c911056eda88968c","created_at":1715881043.9262726,"enqueued_at":1715881043.9266632}}
2024-05-16T17:37:23.929Z pid=38128 tid=hgxhq0n6k WARN: NameError: uninitialized constant DownloadOrdersCsvWorker
2024-05-16T17:37:23.930Z pid=38128 tid=hgxhq0n6k WARN: /home/welcome/.rbenv/versions/2.6.3/lib/ruby/gems/2.6.0/gems/sidekiq-6.5.12/lib/sidekiq/processor.rb:274:in `const_get'
/home/welcome/.rbenv/versions/2.6.3/lib/ruby/gems/2.6.0/gems/sidekiq-6.5.12/lib/sidekiq/processor.rb:274:in `constantize'
/home/welcome/.rbenv/versions/2.6.3/lib/ruby/gems/2.6.0/gems/sidekiq-6.5.12/lib/sidekiq/processor.rb:132:in `block (5 levels) in dispatch'
/home/welcome/.rbenv/versions/2.6.3/lib/ruby/gems/2.6.0/gems/sidekiq-6.5.12/lib/sidekiq/rails.rb:14:in `block in call'
/home/welcome/.rbenv/versions/2.6.3/lib/ruby/gems/2.6.0/gems/activesupport-5.2.8.1/lib/active_support/execution_wrapper.rb:90:in `wrap'
/home/welcome/.rbenv/versions/2.6.3/lib/ruby/gems/2.6.0/gems/activesupport-5.2.8.1/lib/active_support/reloader.rb:73:in `block in wrap'
/home/welcome/.rbenv/versions/2.6.3/lib/ruby/gems/2.6.0/gems/activesupport-5.2.8.1/lib/active_support/execution_wrapper.rb:90:in `wrap'
/home/welcome/.rbenv/versions/2.6.3/lib/ruby/gems/2.6.0/gems/activesupport-5.2.8.1/lib/active_support/reloader.rb:72:in `wrap'
/home/welcome/.rbenv/versions/2.6.3/lib/ruby/gems/2.6.0/gems/sidekiq-6.5.12/lib/sidekiq/rails.rb:13:in `call'
/home/welcome/.rbenv/versions/2.6.3/lib/ruby/gems/2.6.0/gems/sidekiq-6.5.12/lib/sidekiq/processor.rb:131:in `block (4 levels) in dispatch'
/home/welcome/.rbenv/versions/2.6.3/lib/ruby/gems/2.6.0/gems/sidekiq-6.5.12/lib/sidekiq/processor.rb:263:in `stats'
/home/welcome/.rbenv/versions/2.6.3/lib/ruby/gems/2.6.0/gems/sidekiq-6.5.12/lib/sidekiq/processor.rb:126:in `block (3 levels) in dispatch'
/home/welcome/.rbenv/versions/2.6.3/lib/ruby/gems/2.6.0/gems/sidekiq-6.5.12/lib/sidekiq/job_logger.rb:13:in `call'
/home/welcome/.rbenv/versions/2.6.3/lib/ruby/gems/2.6.0/gems/sidekiq-6.5.12/lib/sidekiq/processor.rb:125:in `block (2 levels) in dispatch'
/home/welcome/.rbenv/versions/2.6.3/lib/ruby/gems/2.6.0/gems/sidekiq-6.5.12/lib/sidekiq/job_retry.rb:80:in `global'
/home/welcome/.rbenv/versions/2.6.3/lib/ruby/gems/2.6.0/gems/sidekiq-6.5.12/lib/sidekiq/processor.rb:124:in `block in dispatch'
/home/welcome/.rbenv/versions/2.6.3/lib/ruby/gems/2.6.0/gems/sidekiq-6.5.12/lib/sidekiq/job_logger.rb:39:in `prepare'
/home/welcome/.rbenv/versions/2.6.3/lib/ruby/gems/2.6.0/gems/sidekiq-6.5.12/lib/sidekiq/processor.rb:123:in `dispatch'
/home/welcome/.rbenv/versions/2.6.3/lib/ruby/gems/2.6.0/gems/sidekiq-6.5.12/lib/sidekiq/processor.rb:168:in `process'
/home/welcome/.rbenv/versions/2.6.3/lib/ruby/gems/2.6.0/gems/sidekiq-6.5.12/lib/sidekiq/processor.rb:78:in `process_one'
/home/welcome/.rbenv/versions/2.6.3/lib/ruby/gems/2.6.0/gems/sidekiq-6.5.12/lib/sidekiq/processor.rb:68:in `run'
/home/welcome/.rbenv/versions/2.6.3/lib/ruby/gems/2.6.0/gems/sidekiq-6.5.12/lib/sidekiq/component.rb:8:in `watchdog'
/home/welcome/.rbenv/versions/2.6.3/lib/ruby/gems/2.6.0/gems/sidekiq-6.5.12/lib/sidekiq/component.rb:17:in `block in safe_thread'
2024-05-16T17:37:24.089Z pid=38128 tid=hgxhpek7o class=DownloadOrdersCsvWorker jid=b4e10e4e4eea3329ed22b9eb INFO: start
2024-05-16T17:37:24.090Z pid=38128 tid=hgxhpek7o class=DownloadOrdersCsvWorker jid=b4e10e4e4eea3329ed22b9eb elapsed=0.001 INFO: fail
2024-05-16T17:37:24.090Z pid=38128 tid=hgxhpek7o WARN: {"context":"Job raised exception","job":{"retry":10,"queue":"critical","args":["#<Order::ActiveRecord_Relation:0x000079e54424ea70>"],"class":"DownloadOrdersCsvWorker","jid":"b4e10e4e4eea3329ed22b9eb","created_at":1715881044.0882902,"enqueued_at":1715881044.0886145}}
2024-05-16T17:37:24.090Z pid=38128 tid=hgxhpek7o WARN: NameError: uninitialized constant DownloadOrdersCsvWorker
2024-05-16T17:37:24.090Z pid=38128 tid=hgxhpek7o WARN: /home/welcome/.rbenv/versions/2.6.3/lib/ruby/gems/2.6.0/gems/sidekiq-6.5.12/lib/sidekiq/processor.rb:274:in `const_get'
/home/welcome/.rbenv/versions/2.6.3/lib/ruby/gems/2.6.0/gems/sidekiq-6.5.12/lib/sidekiq/processor.rb:274:in `constantize'
/home/welcome/.rbenv/versions/2.6.3/lib/ruby/gems/2.6.0/gems/sidekiq-6.5.12/lib/sidekiq/processor.rb:132:in `block (5 levels) in dispatch'
/home/welcome/.rbenv/versions/2.6.3/lib/ruby/gems/2.6.0/gems/sidekiq-6.5.12/lib/sidekiq/rails.rb:14:in `block in call'
/home/welcome/.rbenv/versions/2.6.3/lib/ruby/gems/2.6.0/gems/activesupport-5.2.8.1/lib/active_support/execution_wrapper.rb:90:in `wrap'
/home/welcome/.rbenv/versions/2.6.3/lib/ruby/gems/2.6.0/gems/activesupport-5.2.8.1/lib/active_support/reloader.rb:73:in `block in wrap'
/home/welcome/.rbenv/versions/2.6.3/lib/ruby/gems/2.6.0/gems/activesupport-5.2.8.1/lib/active_support/execution_wrapper.rb:90:in `wrap'
/home/welcome/.rbenv/versions/2.6.3/lib/ruby/gems/2.6.0/gems/activesupport-5.2.8.1/lib/active_support/reloader.rb:72:in `wrap'
/home/welcome/.rbenv/versions/2.6.3/lib/ruby/gems/2.6.0/gems/sidekiq-6.5.12/lib/sidekiq/rails.rb:13:in `call'
/home/welcome/.rbenv/versions/2.6.3/lib/ruby/gems/2.6.0/gems/sidekiq-6.5.12/lib/sidekiq/processor.rb:131:in `block (4 levels) in dispatch'
/home/welcome/.rbenv/versions/2.6.3/lib/ruby/gems/2.6.0/gems/sidekiq-6.5.12/lib/sidekiq/processor.rb:263:in `stats'
/home/welcome/.rbenv/versions/2.6.3/lib/ruby/gems/2.6.0/gems/sidekiq-6.5.12/lib/sidekiq/processor.rb:126:in `block (3 levels) in dispatch'
/home/welcome/.rbenv/versions/2.6.3/lib/ruby/gems/2.6.0/gems/sidekiq-6.5.12/lib/sidekiq/job_logger.rb:13:in `call'
/home/welcome/.rbenv/versions/2.6.3/lib/ruby/gems/2.6.0/gems/sidekiq-6.5.12/lib/sidekiq/processor.rb:125:in `block (2 levels) in dispatch'
/home/welcome/.rbenv/versions/2.6.3/lib/ruby/gems/2.6.0/gems/sidekiq-6.5.12/lib/sidekiq/job_retry.rb:80:in `global'
/home/welcome/.rbenv/versions/2.6.3/lib/ruby/gems/2.6.0/gems/sidekiq-6.5.12/lib/sidekiq/processor.rb:124:in `block in dispatch'
/home/welcome/.rbenv/versions/2.6.3/lib/ruby/gems/2.6.0/gems/sidekiq-6.5.12/lib/sidekiq/job_logger.rb:39:in `prepare'
/home/welcome/.rbenv/versions/2.6.3/lib/ruby/gems/2.6.0/gems/sidekiq-6.5.12/lib/sidekiq/processor.rb:123:in `dispatch'
/home/welcome/.rbenv/versions/2.6.3/lib/ruby/gems/2.6.0/gems/sidekiq-6.5.12/lib/sidekiq/processor.rb:168:in `process'
/home/welcome/.rbenv/versions/2.6.3/lib/ruby/gems/2.6.0/gems/sidekiq-6.5.12/lib/sidekiq/processor.rb:78:in `process_one'
/home/welcome/.rbenv/versions/2.6.3/lib/ruby/gems/2.6.0/gems/sidekiq-6.5.12/lib/sidekiq/processor.rb:68:in `run'
/home/welcome/.rbenv/versions/2.6.3/lib/ruby/gems/2.6.0/gems/sidekiq-6.5.12/lib/sidekiq/component.rb:8:in `watchdog'
/home/welcome/.rbenv/versions/2.6.3/lib/ruby/gems/2.6.0/gems/sidekiq-6.5.12/lib/sidekiq/component.rb:17:in `block in safe_thread'
2024-05-16T17:37:24.233Z pid=38128 tid=hgxhpekfk class=DownloadOrdersCsvWorker jid=29c6f4d7134f45a9d1747374 INFO: start
2024-05-16T17:37:24.234Z pid=38128 tid=hgxhpekfk class=DownloadOrdersCsvWorker jid=29c6f4d7134f45a9d1747374 elapsed=0.001 INFO: fail
2024-05-16T17:37:24.235Z pid=38128 tid=hgxhpekfk WARN: {"context":"Job raised exception","job":{"retry":10,"queue":"critical","args":["#<Order::ActiveRecord_Relation:0x000079e544307340>"],"class":"DownloadOrdersCsvWorker","jid":"29c6f4d7134f45a9d1747374","created_at":1715881044.2321067,"enqueued_at":1715881044.2324367}}
2024-05-16T17:37:24.235Z pid=38128 tid=hgxhpekfk WARN: NameError: uninitialized constant DownloadOrdersCsvWorker
2024-05-16T17:37:24.235Z pid=38128 tid=hgxhpekfk WARN: /home/welcome/.rbenv/versions/2.6.3/lib/ruby/gems/2.6.0/gems/sidekiq-6.5.12/lib/sidekiq/processor.rb:274:in `const_get'
/home/welcome/.rbenv/versions/2.6.3/lib/ruby/gems/2.6.0/gems/sidekiq-6.5.12/lib/sidekiq/processor.rb:274:in `constantize'
/home/welcome/.rbenv/versions/2.6.3/lib/ruby/gems/2.6.0/gems/sidekiq-6.5.12/lib/sidekiq/processor.rb:132:in `block (5 levels) in dispatch'
/home/welcome/.rbenv/versions/2.6.3/lib/ruby/gems/2.6.0/gems/sidekiq-6.5.12/lib/sidekiq/rails.rb:14:in `block in call'
/home/welcome/.rbenv/versions/2.6.3/lib/ruby/gems/2.6.0/gems/activesupport-5.2.8.1/lib/active_support/execution_wrapper.rb:90:in `wrap'
/home/welcome/.rbenv/versions/2.6.3/lib/ruby/gems/2.6.0/gems/activesupport-5.2.8.1/lib/active_support/reloader.rb:73:in `block in wrap'
/home/welcome/.rbenv/versions/2.6.3/lib/ruby/gems/2.6.0/gems/activesupport-5.2.8.1/lib/active_support/execution_wrapper.rb:90:in `wrap'
/home/welcome/.rbenv/versions/2.6.3/lib/ruby/gems/2.6.0/gems/activesupport-5.2.8.1/lib/active_support/reloader.rb:72:in `wrap'
/home/welcome/.rbenv/versions/2.6.3/lib/ruby/gems/2.6.0/gems/sidekiq-6.5.12/lib/sidekiq/rails.rb:13:in `call'
/home/welcome/.rbenv/versions/2.6.3/lib/ruby/gems/2.6.0/gems/sidekiq-6.5.12/lib/sidekiq/processor.rb:131:in `block (4 levels) in dispatch'
/home/welcome/.rbenv/versions/2.6.3/lib/ruby/gems/2.6.0/gems/sidekiq-6.5.12/lib/sidekiq/processor.rb:263:in `stats'
/home/welcome/.rbenv/versions/2.6.3/lib/ruby/gems/2.6.0/gems/sidekiq-6.5.12/lib/sidekiq/processor.rb:126:in `block (3 levels) in dispatch'
/home/welcome/.rbenv/versions/2.6.3/lib/ruby/gems/2.6.0/gems/sidekiq-6.5.12/lib/sidekiq/job_logger.rb:13:in `call'
/home/welcome/.rbenv/versions/2.6.3/lib/ruby/gems/2.6.0/gems/sidekiq-6.5.12/lib/sidekiq/processor.rb:125:in `block (2 levels) in dispatch'
/home/welcome/.rbenv/versions/2.6.3/lib/ruby/gems/2.6.0/gems/sidekiq-6.5.12/lib/sidekiq/job_retry.rb:80:in `global'
/home/welcome/.rbenv/versions/2.6.3/lib/ruby/gems/2.6.0/gems/sidekiq-6.5.12/lib/sidekiq/processor.rb:124:in `block in dispatch'
/home/welcome/.rbenv/versions/2.6.3/lib/ruby/gems/2.6.0/gems/sidekiq-6.5.12/lib/sidekiq/job_logger.rb:39:in `prepare'
/home/welcome/.rbenv/versions/2.6.3/lib/ruby/gems/2.6.0/gems/sidekiq-6.5.12/lib/sidekiq/processor.rb:123:in `dispatch'
/home/welcome/.rbenv/versions/2.6.3/lib/ruby/gems/2.6.0/gems/sidekiq-6.5.12/lib/sidekiq/processor.rb:168:in `process'
/home/welcome/.rbenv/versions/2.6.3/lib/ruby/gems/2.6.0/gems/sidekiq-6.5.12/lib/sidekiq/processor.rb:78:in `process_one'
/home/welcome/.rbenv/versions/2.6.3/lib/ruby/gems/2.6.0/gems/sidekiq-6.5.12/lib/sidekiq/processor.rb:68:in `run'
/home/welcome/.rbenv/versions/2.6.3/lib/ruby/gems/2.6.0/gems/sidekiq-6.5.12/lib/sidekiq/component.rb:8:in `watchdog'
/home/welcome/.rbenv/versions/2.6.3/lib/ruby/gems/2.6.0/gems/sidekiq-6.5.12/lib/sidekiq/component.rb:17:in `block in safe_thread'
2024-05-16T17:37:24.398Z pid=38128 tid=hgxhq0mkw class=DownloadOrdersCsvWorker jid=18e25b0ae0e9f910f421c2ae INFO: start
2024-05-16T17:37:24.400Z pid=38128 tid=hgxhq0mkw class=DownloadOrdersCsvWorker jid=18e25b0ae0e9f910f421c2ae elapsed=0.002 INFO: fail
2024-05-16T17:37:24.401Z pid=38128 tid=hgxhq0mkw WARN: {"context":"Job raised exception","job":{"retry":10,"queue":"critical","args":["#<Order::ActiveRecord_Relation:0x000079e5443cba60>"],"class":"DownloadOrdersCsvWorker","jid":"18e25b0ae0e9f910f421c2ae","created_at":1715881044.3975399,"enqueued_at":1715881044.3980103}}
2024-05-16T17:37:24.401Z pid=38128 tid=hgxhq0mkw WARN: NameError: uninitialized constant DownloadOrdersCsvWorker
2024-05-16T17:37:24.401Z pid=38128 tid=hgxhq0mkw WARN: /home/welcome/.rbenv/versions/2.6.3/lib/ruby/gems/2.6.0/gems/sidekiq-6.5.12/lib/sidekiq/processor.rb:274:in `const_get'
/home/welcome/.rbenv/versions/2.6.3/lib/ruby/gems/2.6.0/gems/sidekiq-6.5.12/lib/sidekiq/processor.rb:274:in `constantize'
/home/welcome/.rbenv/versions/2.6.3/lib/ruby/gems/2.6.0/gems/sidekiq-6.5.12/lib/sidekiq/processor.rb:132:in `block (5 levels) in dispatch'
/home/welcome/.rbenv/versions/2.6.3/lib/ruby/gems/2.6.0/gems/sidekiq-6.5.12/lib/sidekiq/rails.rb:14:in `block in call'
/home/welcome/.rbenv/versions/2.6.3/lib/ruby/gems/2.6.0/gems/activesupport-5.2.8.1/lib/active_support/execution_wrapper.rb:90:in `wrap'
/home/welcome/.rbenv/versions/2.6.3/lib/ruby/gems/2.6.0/gems/activesupport-5.2.8.1/lib/active_support/reloader.rb:73:in `block in wrap'
/home/welcome/.rbenv/versions/2.6.3/lib/ruby/gems/2.6.0/gems/activesupport-5.2.8.1/lib/active_support/execution_wrapper.rb:90:in `wrap'
/home/welcome/.rbenv/versions/2.6.3/lib/ruby/gems/2.6.0/gems/activesupport-5.2.8.1/lib/active_support/reloader.rb:72:in `wrap'
/home/welcome/.rbenv/versions/2.6.3/lib/ruby/gems/2.6.0/gems/sidekiq-6.5.12/lib/sidekiq/rails.rb:13:in `call'
/home/welcome/.rbenv/versions/2.6.3/lib/ruby/gems/2.6.0/gems/sidekiq-6.5.12/lib/sidekiq/processor.rb:131:in `block (4 levels) in dispatch'
/home/welcome/.rbenv/versions/2.6.3/lib/ruby/gems/2.6.0/gems/sidekiq-6.5.12/lib/sidekiq/processor.rb:263:in `stats'
/home/welcome/.rbenv/versions/2.6.3/lib/ruby/gems/2.6.0/gems/sidekiq-6.5.12/lib/sidekiq/processor.rb:126:in `block (3 levels) in dispatch'
/home/welcome/.rbenv/versions/2.6.3/lib/ruby/gems/2.6.0/gems/sidekiq-6.5.12/lib/sidekiq/job_logger.rb:13:in `call'
/home/welcome/.rbenv/versions/2.6.3/lib/ruby/gems/2.6.0/gems/sidekiq-6.5.12/lib/sidekiq/processor.rb:125:in `block (2 levels) in dispatch'
/home/welcome/.rbenv/versions/2.6.3/lib/ruby/gems/2.6.0/gems/sidekiq-6.5.12/lib/sidekiq/job_retry.rb:80:in `global'
/home/welcome/.rbenv/versions/2.6.3/lib/ruby/gems/2.6.0/gems/sidekiq-6.5.12/lib/sidekiq/processor.rb:124:in `block in dispatch'
/home/welcome/.rbenv/versions/2.6.3/lib/ruby/gems/2.6.0/gems/sidekiq-6.5.12/lib/sidekiq/job_logger.rb:39:in `prepare'
/home/welcome/.rbenv/versions/2.6.3/lib/ruby/gems/2.6.0/gems/sidekiq-6.5.12/lib/sidekiq/processor.rb:123:in `dispatch'
/home/welcome/.rbenv/versions/2.6.3/lib/ruby/gems/2.6.0/gems/sidekiq-6.5.12/lib/sidekiq/processor.rb:168:in `process'
/home/welcome/.rbenv/versions/2.6.3/lib/ruby/gems/2.6.0/gems/sidekiq-6.5.12/lib/sidekiq/processor.rb:78:in `process_one'
/home/welcome/.rbenv/versions/2.6.3/lib/ruby/gems/2.6.0/gems/sidekiq-6.5.12/lib/sidekiq/processor.rb:68:in `run'
/home/welcome/.rbenv/versions/2.6.3/lib/ruby/gems/2.6.0/gems/sidekiq-6.5.12/lib/sidekiq/component.rb:8:in `watchdog'
/home/welcome/.rbenv/versions/2.6.3/lib/ruby/gems/2.6.0/gems/sidekiq-6.5.12/lib/sidekiq/component.rb:17:in `block in safe_thread'
2024-05-16T17:37:24.524Z pid=38128 tid=hgxhq0n00 class=DownloadOrdersCsvWorker jid=ec301b6b9525ed4899aa78c7 INFO: start
2024-05-16T17:37:24.525Z pid=38128 tid=hgxhq0n00 class=DownloadOrdersCsvWorker jid=ec301b6b9525ed4899aa78c7 elapsed=0.001 INFO: fail
2024-05-16T17:37:24.526Z pid=38128 tid=hgxhq0n00 WARN: {"context":"Job raised exception","job":{"retry":10,"queue":"critical","args":["#<Order::ActiveRecord_Relation:0x000079e5444743b8>"],"class":"DownloadOrdersCsvWorker","jid":"ec301b6b9525ed4899aa78c7","created_at":1715881044.5238643,"enqueued_at":1715881044.524109}}
2024-05-16T17:37:24.526Z pid=38128 tid=hgxhq0n00 WARN: NameError: uninitialized constant DownloadOrdersCsvWorker
2024-05-16T17:37:24.526Z pid=38128 tid=hgxhq0n00 WARN: /home/welcome/.rbenv/versions/2.6.3/lib/ruby/gems/2.6.0/gems/sidekiq-6.5.12/lib/sidekiq/processor.rb:274:in `const_get'
/home/welcome/.rbenv/versions/2.6.3/lib/ruby/gems/2.6.0/gems/sidekiq-6.5.12/lib/sidekiq/processor.rb:274:in `constantize'
/home/welcome/.rbenv/versions/2.6.3/lib/ruby/gems/2.6.0/gems/sidekiq-6.5.12/lib/sidekiq/processor.rb:132:in `block (5 levels) in dispatch'
/home/welcome/.rbenv/versions/2.6.3/lib/ruby/gems/2.6.0/gems/sidekiq-6.5.12/lib/sidekiq/rails.rb:14:in `block in call'
/home/welcome/.rbenv/versions/2.6.3/lib/ruby/gems/2.6.0/gems/activesupport-5.2.8.1/lib/active_support/execution_wrapper.rb:90:in `wrap'
/home/welcome/.rbenv/versions/2.6.3/lib/ruby/gems/2.6.0/gems/activesupport-5.2.8.1/lib/active_support/reloader.rb:73:in `block in wrap'
/home/welcome/.rbenv/versions/2.6.3/lib/ruby/gems/2.6.0/gems/activesupport-5.2.8.1/lib/active_support/execution_wrapper.rb:90:in `wrap'
/home/welcome/.rbenv/versions/2.6.3/lib/ruby/gems/2.6.0/gems/activesupport-5.2.8.1/lib/active_support/reloader.rb:72:in `wrap'
/home/welcome/.rbenv/versions/2.6.3/lib/ruby/gems/2.6.0/gems/sidekiq-6.5.12/lib/sidekiq/rails.rb:13:in `call'
/home/welcome/.rbenv/versions/2.6.3/lib/ruby/gems/2.6.0/gems/sidekiq-6.5.12/lib/sidekiq/processor.rb:131:in `block (4 levels) in dispatch'
/home/welcome/.rbenv/versions/2.6.3/lib/ruby/gems/2.6.0/gems/sidekiq-6.5.12/lib/sidekiq/processor.rb:263:in `stats'
/home/welcome/.rbenv/versions/2.6.3/lib/ruby/gems/2.6.0/gems/sidekiq-6.5.12/lib/sidekiq/processor.rb:126:in `block (3 levels) in dispatch'
/home/welcome/.rbenv/versions/2.6.3/lib/ruby/gems/2.6.0/gems/sidekiq-6.5.12/lib/sidekiq/job_logger.rb:13:in `call'
/home/welcome/.rbenv/versions/2.6.3/lib/ruby/gems/2.6.0/gems/sidekiq-6.5.12/lib/sidekiq/processor.rb:125:in `block (2 levels) in dispatch'
/home/welcome/.rbenv/versions/2.6.3/lib/ruby/gems/2.6.0/gems/sidekiq-6.5.12/lib/sidekiq/job_retry.rb:80:in `global'
/home/welcome/.rbenv/versions/2.6.3/lib/ruby/gems/2.6.0/gems/sidekiq-6.5.12/lib/sidekiq/processor.rb:124:in `block in dispatch'
/home/welcome/.rbenv/versions/2.6.3/lib/ruby/gems/2.6.0/gems/sidekiq-6.5.12/lib/sidekiq/job_logger.rb:39:in `prepare'
/home/welcome/.rbenv/versions/2.6.3/lib/ruby/gems/2.6.0/gems/sidekiq-6.5.12/lib/sidekiq/processor.rb:123:in `dispatch'
/home/welcome/.rbenv/versions/2.6.3/lib/ruby/gems/2.6.0/gems/sidekiq-6.5.12/lib/sidekiq/processor.rb:168:in `process'
/home/welcome/.rbenv/versions/2.6.3/lib/ruby/gems/2.6.0/gems/sidekiq-6.5.12/lib/sidekiq/processor.rb:78:in `process_one'
/home/welcome/.rbenv/versions/2.6.3/lib/ruby/gems/2.6.0/gems/sidekiq-6.5.12/lib/sidekiq/processor.rb:68:in `run'
/home/welcome/.rbenv/versions/2.6.3/lib/ruby/gems/2.6.0/gems/sidekiq-6.5.12/lib/sidekiq/component.rb:8:in `watchdog'
/home/welcome/.rbenv/versions/2.6.3/lib/ruby/gems/2.6.0/gems/sidekiq-6.5.12/lib/sidekiq/component.rb:17:in `block in safe_thread'
2024-05-16T17:37:24.695Z pid=38128 tid=hgxhrqams class=DownloadOrdersCsvWorker jid=237e635aa486e33cdc767d29 INFO: start
2024-05-16T17:37:24.697Z pid=38128 tid=hgxhrqams class=DownloadOrdersCsvWorker jid=237e635aa486e33cdc767d29 elapsed=0.001 INFO: fail
2024-05-16T17:37:24.698Z pid=38128 tid=hgxhrqams WARN: {"context":"Job raised exception","job":{"retry":10,"queue":"critical","args":["#<Order::ActiveRecord_Relation:0x000079e544530c70>"],"class":"DownloadOrdersCsvWorker","jid":"237e635aa486e33cdc767d29","created_at":1715881044.6945887,"enqueued_at":1715881044.6949568}}
2024-05-16T17:37:24.698Z pid=38128 tid=hgxhrqams WARN: NameError: uninitialized constant DownloadOrdersCsvWorker
2024-05-16T17:37:24.698Z pid=38128 tid=hgxhrqams WARN: /home/welcome/.rbenv/versions/2.6.3/lib/ruby/gems/2.6.0/gems/sidekiq-6.5.12/lib/sidekiq/processor.rb:274:in `const_get'
/home/welcome/.rbenv/versions/2.6.3/lib/ruby/gems/2.6.0/gems/sidekiq-6.5.12/lib/sidekiq/processor.rb:274:in `constantize'
/home/welcome/.rbenv/versions/2.6.3/lib/ruby/gems/2.6.0/gems/sidekiq-6.5.12/lib/sidekiq/processor.rb:132:in `block (5 levels) in dispatch'
/home/welcome/.rbenv/versions/2.6.3/lib/ruby/gems/2.6.0/gems/sidekiq-6.5.12/lib/sidekiq/rails.rb:14:in `block in call'
/home/welcome/.rbenv/versions/2.6.3/lib/ruby/gems/2.6.0/gems/activesupport-5.2.8.1/lib/active_support/execution_wrapper.rb:90:in `wrap'
/home/welcome/.rbenv/versions/2.6.3/lib/ruby/gems/2.6.0/gems/activesupport-5.2.8.1/lib/active_support/reloader.rb:73:in `block in wrap'
/home/welcome/.rbenv/versions/2.6.3/lib/ruby/gems/2.6.0/gems/activesupport-5.2.8.1/lib/active_support/execution_wrapper.rb:90:in `wrap'
/home/welcome/.rbenv/versions/2.6.3/lib/ruby/gems/2.6.0/gems/activesupport-5.2.8.1/lib/active_support/reloader.rb:72:in `wrap'
/home/welcome/.rbenv/versions/2.6.3/lib/ruby/gems/2.6.0/gems/sidekiq-6.5.12/lib/sidekiq/rails.rb:13:in `call'
/home/welcome/.rbenv/versions/2.6.3/lib/ruby/gems/2.6.0/gems/sidekiq-6.5.12/lib/sidekiq/processor.rb:131:in `block (4 levels) in dispatch'
/home/welcome/.rbenv/versions/2.6.3/lib/ruby/gems/2.6.0/gems/sidekiq-6.5.12/lib/sidekiq/processor.rb:263:in `stats'
/home/welcome/.rbenv/versions/2.6.3/lib/ruby/gems/2.6.0/gems/sidekiq-6.5.12/lib/sidekiq/processor.rb:126:in `block (3 levels) in dispatch'
/home/welcome/.rbenv/versions/2.6.3/lib/ruby/gems/2.6.0/gems/sidekiq-6.5.12/lib/sidekiq/job_logger.rb:13:in `call'
/home/welcome/.rbenv/versions/2.6.3/lib/ruby/gems/2.6.0/gems/sidekiq-6.5.12/lib/sidekiq/processor.rb:125:in `block (2 levels) in dispatch'
/home/welcome/.rbenv/versions/2.6.3/lib/ruby/gems/2.6.0/gems/sidekiq-6.5.12/lib/sidekiq/job_retry.rb:80:in `global'
/home/welcome/.rbenv/versions/2.6.3/lib/ruby/gems/2.6.0/gems/sidekiq-6.5.12/lib/sidekiq/processor.rb:124:in `block in dispatch'
/home/welcome/.rbenv/versions/2.6.3/lib/ruby/gems/2.6.0/gems/sidekiq-6.5.12/lib/sidekiq/job_logger.rb:39:in `prepare'
/home/welcome/.rbenv/versions/2.6.3/lib/ruby/gems/2.6.0/gems/sidekiq-6.5.12/lib/sidekiq/processor.rb:123:in `dispatch'
/home/welcome/.rbenv/versions/2.6.3/lib/ruby/gems/2.6.0/gems/sidekiq-6.5.12/lib/sidekiq/processor.rb:168:in `process'
/home/welcome/.rbenv/versions/2.6.3/lib/ruby/gems/2.6.0/gems/sidekiq-6.5.12/lib/sidekiq/processor.rb:78:in `process_one'
/home/welcome/.rbenv/versions/2.6.3/lib/ruby/gems/2.6.0/gems/sidekiq-6.5.12/lib/sidekiq/processor.rb:68:in `run'
/home/welcome/.rbenv/versions/2.6.3/lib/ruby/gems/2.6.0/gems/sidekiq-6.5.12/lib/sidekiq/component.rb:8:in `watchdog'
/home/welcome/.rbenv/versions/2.6.3/lib/ruby/gems/2.6.0/gems/sidekiq-6.5.12/lib/sidekiq/component.rb:17:in `block in safe_thread'
2024-05-16T17:37:24.857Z pid=38128 tid=hgxhrrnek class=DownloadOrdersCsvWorker jid=71cf50d7a9579a0ef070e3bb INFO: start
2024-05-16T17:37:24.857Z pid=38128 tid=hgxhrrnek class=DownloadOrdersCsvWorker jid=71cf50d7a9579a0ef070e3bb elapsed=0.001 INFO: fail
2024-05-16T17:37:24.858Z pid=38128 tid=hgxhrrnek WARN: {"context":"Job raised exception","job":{"retry":10,"queue":"critical","args":["#<Order::ActiveRecord_Relation:0x000079e5445e5620>"],"class":"DownloadOrdersCsvWorker","jid":"71cf50d7a9579a0ef070e3bb","created_at":1715881044.8564377,"enqueued_at":1715881044.8566248}}
2024-05-16T17:37:24.858Z pid=38128 tid=hgxhrrnek WARN: NameError: uninitialized constant DownloadOrdersCsvWorker
2024-05-16T17:37:24.858Z pid=38128 tid=hgxhrrnek WARN: /home/welcome/.rbenv/versions/2.6.3/lib/ruby/gems/2.6.0/gems/sidekiq-6.5.12/lib/sidekiq/processor.rb:274:in `const_get'
/home/welcome/.rbenv/versions/2.6.3/lib/ruby/gems/2.6.0/gems/sidekiq-6.5.12/lib/sidekiq/processor.rb:274:in `constantize'
/home/welcome/.rbenv/versions/2.6.3/lib/ruby/gems/2.6.0/gems/sidekiq-6.5.12/lib/sidekiq/processor.rb:132:in `block (5 levels) in dispatch'
/home/welcome/.rbenv/versions/2.6.3/lib/ruby/gems/2.6.0/gems/sidekiq-6.5.12/lib/sidekiq/rails.rb:14:in `block in call'
/home/welcome/.rbenv/versions/2.6.3/lib/ruby/gems/2.6.0/gems/activesupport-5.2.8.1/lib/active_support/execution_wrapper.rb:90:in `wrap'
/home/welcome/.rbenv/versions/2.6.3/lib/ruby/gems/2.6.0/gems/activesupport-5.2.8.1/lib/active_support/reloader.rb:73:in `block in wrap'
/home/welcome/.rbenv/versions/2.6.3/lib/ruby/gems/2.6.0/gems/activesupport-5.2.8.1/lib/active_support/execution_wrapper.rb:90:in `wrap'
/home/welcome/.rbenv/versions/2.6.3/lib/ruby/gems/2.6.0/gems/activesupport-5.2.8.1/lib/active_support/reloader.rb:72:in `wrap'
/home/welcome/.rbenv/versions/2.6.3/lib/ruby/gems/2.6.0/gems/sidekiq-6.5.12/lib/sidekiq/rails.rb:13:in `call'
/home/welcome/.rbenv/versions/2.6.3/lib/ruby/gems/2.6.0/gems/sidekiq-6.5.12/lib/sidekiq/processor.rb:131:in `block (4 levels) in dispatch'
/home/welcome/.rbenv/versions/2.6.3/lib/ruby/gems/2.6.0/gems/sidekiq-6.5.12/lib/sidekiq/processor.rb:263:in `stats'
/home/welcome/.rbenv/versions/2.6.3/lib/ruby/gems/2.6.0/gems/sidekiq-6.5.12/lib/sidekiq/processor.rb:126:in `block (3 levels) in dispatch'
/home/welcome/.rbenv/versions/2.6.3/lib/ruby/gems/2.6.0/gems/sidekiq-6.5.12/lib/sidekiq/job_logger.rb:13:in `call'
/home/welcome/.rbenv/versions/2.6.3/lib/ruby/gems/2.6.0/gems/sidekiq-6.5.12/lib/sidekiq/processor.rb:125:in `block (2 levels) in dispatch'
/home/welcome/.rbenv/versions/2.6.3/lib/ruby/gems/2.6.0/gems/sidekiq-6.5.12/lib/sidekiq/job_retry.rb:80:in `global'
/home/welcome/.rbenv/versions/2.6.3/lib/ruby/gems/2.6.0/gems/sidekiq-6.5.12/lib/sidekiq/processor.rb:124:in `block in dispatch'
/home/welcome/.rbenv/versions/2.6.3/lib/ruby/gems/2.6.0/gems/sidekiq-6.5.12/lib/sidekiq/job_logger.rb:39:in `prepare'
/home/welcome/.rbenv/versions/2.6.3/lib/ruby/gems/2.6.0/gems/sidekiq-6.5.12/lib/sidekiq/processor.rb:123:in `dispatch'
/home/welcome/.rbenv/versions/2.6.3/lib/ruby/gems/2.6.0/gems/sidekiq-6.5.12/lib/sidekiq/processor.rb:168:in `process'
/home/welcome/.rbenv/versions/2.6.3/lib/ruby/gems/2.6.0/gems/sidekiq-6.5.12/lib/sidekiq/processor.rb:78:in `process_one'
/home/welcome/.rbenv/versions/2.6.3/lib/ruby/gems/2.6.0/gems/sidekiq-6.5.12/lib/sidekiq/processor.rb:68:in `run'
/home/welcome/.rbenv/versions/2.6.3/lib/ruby/gems/2.6.0/gems/sidekiq-6.5.12/lib/sidekiq/component.rb:8:in `watchdog'
/home/welcome/.rbenv/versions/2.6.3/lib/ruby/gems/2.6.0/gems/sidekiq-6.5.12/lib/sidekiq/component.rb:17:in `block in safe_thread'
2024-05-16T17:37:28.592Z pid=38128 tid=hgxhpejzs class=DownloadOrdersCsvWorker jid=e7b44b5331b58f20a1436807 INFO: start
2024-05-16T17:37:28.594Z pid=38128 tid=hgxhpejzs class=DownloadOrdersCsvWorker jid=e7b44b5331b58f20a1436807 elapsed=0.002 INFO: fail
2024-05-16T17:37:28.595Z pid=38128 tid=hgxhpejzs WARN: {"context":"Job raised exception","job":{"retry":10,"queue":"critical","args":["#<Order::ActiveRecord_Relation:0x000079e53c01d600>"],"class":"DownloadOrdersCsvWorker","jid":"e7b44b5331b58f20a1436807","created_at":1715881048.591267,"enqueued_at":1715881048.5917428}}
2024-05-16T17:37:28.595Z pid=38128 tid=hgxhpejzs WARN: NameError: uninitialized constant DownloadOrdersCsvWorker
2024-05-16T17:37:28.595Z pid=38128 tid=hgxhpejzs WARN: /home/welcome/.rbenv/versions/2.6.3/lib/ruby/gems/2.6.0/gems/sidekiq-6.5.12/lib/sidekiq/processor.rb:274:in `const_get'
/home/welcome/.rbenv/versions/2.6.3/lib/ruby/gems/2.6.0/gems/sidekiq-6.5.12/lib/sidekiq/processor.rb:274:in `constantize'
/home/welcome/.rbenv/versions/2.6.3/lib/ruby/gems/2.6.0/gems/sidekiq-6.5.12/lib/sidekiq/processor.rb:132:in `block (5 levels) in dispatch'
/home/welcome/.rbenv/versions/2.6.3/lib/ruby/gems/2.6.0/gems/sidekiq-6.5.12/lib/sidekiq/rails.rb:14:in `block in call'
/home/welcome/.rbenv/versions/2.6.3/lib/ruby/gems/2.6.0/gems/activesupport-5.2.8.1/lib/active_support/execution_wrapper.rb:90:in `wrap'
/home/welcome/.rbenv/versions/2.6.3/lib/ruby/gems/2.6.0/gems/activesupport-5.2.8.1/lib/active_support/reloader.rb:73:in `block in wrap'
/home/welcome/.rbenv/versions/2.6.3/lib/ruby/gems/2.6.0/gems/activesupport-5.2.8.1/lib/active_support/execution_wrapper.rb:90:in `wrap'
/home/welcome/.rbenv/versions/2.6.3/lib/ruby/gems/2.6.0/gems/activesupport-5.2.8.1/lib/active_support/reloader.rb:72:in `wrap'
/home/welcome/.rbenv/versions/2.6.3/lib/ruby/gems/2.6.0/gems/sidekiq-6.5.12/lib/sidekiq/rails.rb:13:in `call'
/home/welcome/.rbenv/versions/2.6.3/lib/ruby/gems/2.6.0/gems/sidekiq-6.5.12/lib/sidekiq/processor.rb:131:in `block (4 levels) in dispatch'
/home/welcome/.rbenv/versions/2.6.3/lib/ruby/gems/2.6.0/gems/sidekiq-6.5.12/lib/sidekiq/processor.rb:263:in `stats'
/home/welcome/.rbenv/versions/2.6.3/lib/ruby/gems/2.6.0/gems/sidekiq-6.5.12/lib/sidekiq/processor.rb:126:in `block (3 levels) in dispatch'
/home/welcome/.rbenv/versions/2.6.3/lib/ruby/gems/2.6.0/gems/sidekiq-6.5.12/lib/sidekiq/job_logger.rb:13:in `call'
/home/welcome/.rbenv/versions/2.6.3/lib/ruby/gems/2.6.0/gems/sidekiq-6.5.12/lib/sidekiq/processor.rb:125:in `block (2 levels) in dispatch'
/home/welcome/.rbenv/versions/2.6.3/lib/ruby/gems/2.6.0/gems/sidekiq-6.5.12/lib/sidekiq/job_retry.rb:80:in `global'
/home/welcome/.rbenv/versions/2.6.3/lib/ruby/gems/2.6.0/gems/sidekiq-6.5.12/lib/sidekiq/processor.rb:124:in `block in dispatch'
/home/welcome/.rbenv/versions/2.6.3/lib/ruby/gems/2.6.0/gems/sidekiq-6.5.12/lib/sidekiq/job_logger.rb:39:in `prepare'
/home/welcome/.rbenv/versions/2.6.3/lib/ruby/gems/2.6.0/gems/sidekiq-6.5.12/lib/sidekiq/processor.rb:123:in `dispatch'
/home/welcome/.rbenv/versions/2.6.3/lib/ruby/gems/2.6.0/gems/sidekiq-6.5.12/lib/sidekiq/processor.rb:168:in `process'
/home/welcome/.rbenv/versions/2.6.3/lib/ruby/gems/2.6.0/gems/sidekiq-6.5.12/lib/sidekiq/processor.rb:78:in `process_one'
/home/welcome/.rbenv/versions/2.6.3/lib/ruby/gems/2.6.0/gems/sidekiq-6.5.12/lib/sidekiq/processor.rb:68:in `run'
/home/welcome/.rbenv/versions/2.6.3/lib/ruby/gems/2.6.0/gems/sidekiq-6.5.12/lib/sidekiq/component.rb:8:in `watchdog'
/home/welcome/.rbenv/versions/2.6.3/lib/ruby/gems/2.6.0/gems/sidekiq-6.5.12/lib/sidekiq/component.rb:17:in `block in safe_thread'
2024-05-16T17:37:30.452Z pid=38128 tid=onifoo2s4 class=DownloadOrdersCsvWorker jid=841cef65d785b47abdbeacab INFO: start
2024-05-16T17:37:30.454Z pid=38128 tid=onifoo2s4 class=DownloadOrdersCsvWorker jid=841cef65d785b47abdbeacab elapsed=0.002 INFO: fail
2024-05-16T17:37:30.455Z pid=38128 tid=onifoo2s4 WARN: {"context":"Job raised exception","job":{"retry":10,"queue":"critical","args":["#<Order::ActiveRecord_Relation:0x000079e5392d8fa0>"],"class":"DownloadOrdersCsvWorker","jid":"841cef65d785b47abdbeacab","created_at":1715881050.450979,"enqueued_at":1715881050.4514947}}
2024-05-16T17:37:30.456Z pid=38128 tid=onifoo2s4 WARN: NameError: uninitialized constant DownloadOrdersCsvWorker
2024-05-16T17:37:30.456Z pid=38128 tid=onifoo2s4 WARN: /home/welcome/.rbenv/versions/2.6.3/lib/ruby/gems/2.6.0/gems/sidekiq-6.5.12/lib/sidekiq/processor.rb:274:in `const_get'
/home/welcome/.rbenv/versions/2.6.3/lib/ruby/gems/2.6.0/gems/sidekiq-6.5.12/lib/sidekiq/processor.rb:274:in `constantize'
/home/welcome/.rbenv/versions/2.6.3/lib/ruby/gems/2.6.0/gems/sidekiq-6.5.12/lib/sidekiq/processor.rb:132:in `block (5 levels) in dispatch'
/home/welcome/.rbenv/versions/2.6.3/lib/ruby/gems/2.6.0/gems/sidekiq-6.5.12/lib/sidekiq/rails.rb:14:in `block in call'
/home/welcome/.rbenv/versions/2.6.3/lib/ruby/gems/2.6.0/gems/activesupport-5.2.8.1/lib/active_support/execution_wrapper.rb:90:in `wrap'
/home/welcome/.rbenv/versions/2.6.3/lib/ruby/gems/2.6.0/gems/activesupport-5.2.8.1/lib/active_support/reloader.rb:73:in `block in wrap'
/home/welcome/.rbenv/versions/2.6.3/lib/ruby/gems/2.6.0/gems/activesupport-5.2.8.1/lib/active_support/execution_wrapper.rb:90:in `wrap'
/home/welcome/.rbenv/versions/2.6.3/lib/ruby/gems/2.6.0/gems/activesupport-5.2.8.1/lib/active_support/reloader.rb:72:in `wrap'
/home/welcome/.rbenv/versions/2.6.3/lib/ruby/gems/2.6.0/gems/sidekiq-6.5.12/lib/sidekiq/rails.rb:13:in `call'
/home/welcome/.rbenv/versions/2.6.3/lib/ruby/gems/2.6.0/gems/sidekiq-6.5.12/lib/sidekiq/processor.rb:131:in `block (4 levels) in dispatch'
/home/welcome/.rbenv/versions/2.6.3/lib/ruby/gems/2.6.0/gems/sidekiq-6.5.12/lib/sidekiq/processor.rb:263:in `stats'
/home/welcome/.rbenv/versions/2.6.3/lib/ruby/gems/2.6.0/gems/sidekiq-6.5.12/lib/sidekiq/processor.rb:126:in `block (3 levels) in dispatch'
/home/welcome/.rbenv/versions/2.6.3/lib/ruby/gems/2.6.0/gems/sidekiq-6.5.12/lib/sidekiq/job_logger.rb:13:in `call'
/home/welcome/.rbenv/versions/2.6.3/lib/ruby/gems/2.6.0/gems/sidekiq-6.5.12/lib/sidekiq/processor.rb:125:in `block (2 levels) in dispatch'
/home/welcome/.rbenv/versions/2.6.3/lib/ruby/gems/2.6.0/gems/sidekiq-6.5.12/lib/sidekiq/job_retry.rb:80:in `global'
/home/welcome/.rbenv/versions/2.6.3/lib/ruby/gems/2.6.0/gems/sidekiq-6.5.12/lib/sidekiq/processor.rb:124:in `block in dispatch'
/home/welcome/.rbenv/versions/2.6.3/lib/ruby/gems/2.6.0/gems/sidekiq-6.5.12/lib/sidekiq/job_logger.rb:39:in `prepare'
/home/welcome/.rbenv/versions/2.6.3/lib/ruby/gems/2.6.0/gems/sidekiq-6.5.12/lib/sidekiq/processor.rb:123:in `dispatch'
/home/welcome/.rbenv/versions/2.6.3/lib/ruby/gems/2.6.0/gems/sidekiq-6.5.12/lib/sidekiq/processor.rb:168:in `process'
/home/welcome/.rbenv/versions/2.6.3/lib/ruby/gems/2.6.0/gems/sidekiq-6.5.12/lib/sidekiq/processor.rb:78:in `process_one'
/home/welcome/.rbenv/versions/2.6.3/lib/ruby/gems/2.6.0/gems/sidekiq-6.5.12/lib/sidekiq/processor.rb:68:in `run'
/home/welcome/.rbenv/versions/2.6.3/lib/ruby/gems/2.6.0/gems/sidekiq-6.5.12/lib/sidekiq/component.rb:8:in `watchdog'
/home/welcome/.rbenv/versions/2.6.3/lib/ruby/gems/2.6.0/gems/sidekiq-6.5.12/lib/sidekiq/component.rb:17:in `block in safe_thread'
2024-05-16T17:37:35.318Z pid=38128 tid=hgxhrrb2s class=DownloadOrdersCsvWorker jid=fe084b5015ba15c6408c7f0f INFO: start
2024-05-16T17:37:35.320Z pid=38128 tid=hgxhrrb2s class=DownloadOrdersCsvWorker jid=fe084b5015ba15c6408c7f0f elapsed=0.002 INFO: fail
2024-05-16T17:37:35.321Z pid=38128 tid=hgxhrrb2s WARN: {"context":"Job raised exception","job":{"retry":10,"queue":"critical","args":["#<Order::ActiveRecord_Relation:0x000079e5341a4148>"],"class":"DownloadOrdersCsvWorker","jid":"fe084b5015ba15c6408c7f0f","created_at":1715881030.3636394,"enqueued_at":1715881055.317778,"error_message":"uninitialized constant DownloadOrdersCsvWorker","error_class":"NameError","failed_at":1715881030.4435434,"retry_count":0}}
2024-05-16T17:37:35.321Z pid=38128 tid=hgxhrrb2s WARN: NameError: uninitialized constant DownloadOrdersCsvWorker
2024-05-16T17:37:35.321Z pid=38128 tid=hgxhrrb2s WARN: /home/welcome/.rbenv/versions/2.6.3/lib/ruby/gems/2.6.0/gems/sidekiq-6.5.12/lib/sidekiq/processor.rb:274:in `const_get'
/home/welcome/.rbenv/versions/2.6.3/lib/ruby/gems/2.6.0/gems/sidekiq-6.5.12/lib/sidekiq/processor.rb:274:in `constantize'
/home/welcome/.rbenv/versions/2.6.3/lib/ruby/gems/2.6.0/gems/sidekiq-6.5.12/lib/sidekiq/processor.rb:132:in `block (5 levels) in dispatch'
/home/welcome/.rbenv/versions/2.6.3/lib/ruby/gems/2.6.0/gems/sidekiq-6.5.12/lib/sidekiq/rails.rb:14:in `block in call'
/home/welcome/.rbenv/versions/2.6.3/lib/ruby/gems/2.6.0/gems/activesupport-5.2.8.1/lib/active_support/execution_wrapper.rb:90:in `wrap'
/home/welcome/.rbenv/versions/2.6.3/lib/ruby/gems/2.6.0/gems/activesupport-5.2.8.1/lib/active_support/reloader.rb:73:in `block in wrap'
/home/welcome/.rbenv/versions/2.6.3/lib/ruby/gems/2.6.0/gems/activesupport-5.2.8.1/lib/active_support/execution_wrapper.rb:90:in `wrap'
/home/welcome/.rbenv/versions/2.6.3/lib/ruby/gems/2.6.0/gems/activesupport-5.2.8.1/lib/active_support/reloader.rb:72:in `wrap'
/home/welcome/.rbenv/versions/2.6.3/lib/ruby/gems/2.6.0/gems/sidekiq-6.5.12/lib/sidekiq/rails.rb:13:in `call'
/home/welcome/.rbenv/versions/2.6.3/lib/ruby/gems/2.6.0/gems/sidekiq-6.5.12/lib/sidekiq/processor.rb:131:in `block (4 levels) in dispatch'
/home/welcome/.rbenv/versions/2.6.3/lib/ruby/gems/2.6.0/gems/sidekiq-6.5.12/lib/sidekiq/processor.rb:263:in `stats'
/home/welcome/.rbenv/versions/2.6.3/lib/ruby/gems/2.6.0/gems/sidekiq-6.5.12/lib/sidekiq/processor.rb:126:in `block (3 levels) in dispatch'
/home/welcome/.rbenv/versions/2.6.3/lib/ruby/gems/2.6.0/gems/sidekiq-6.5.12/lib/sidekiq/job_logger.rb:13:in `call'
/home/welcome/.rbenv/versions/2.6.3/lib/ruby/gems/2.6.0/gems/sidekiq-6.5.12/lib/sidekiq/processor.rb:125:in `block (2 levels) in dispatch'
/home/welcome/.rbenv/versions/2.6.3/lib/ruby/gems/2.6.0/gems/sidekiq-6.5.12/lib/sidekiq/job_retry.rb:80:in `global'
/home/welcome/.rbenv/versions/2.6.3/lib/ruby/gems/2.6.0/gems/sidekiq-6.5.12/lib/sidekiq/processor.rb:124:in `block in dispatch'
/home/welcome/.rbenv/versions/2.6.3/lib/ruby/gems/2.6.0/gems/sidekiq-6.5.12/lib/sidekiq/job_logger.rb:39:in `prepare'
/home/welcome/.rbenv/versions/2.6.3/lib/ruby/gems/2.6.0/gems/sidekiq-6.5.12/lib/sidekiq/processor.rb:123:in `dispatch'
/home/welcome/.rbenv/versions/2.6.3/lib/ruby/gems/2.6.0/gems/sidekiq-6.5.12/lib/sidekiq/processor.rb:168:in `process'
/home/welcome/.rbenv/versions/2.6.3/lib/ruby/gems/2.6.0/gems/sidekiq-6.5.12/lib/sidekiq/processor.rb:78:in `process_one'
/home/welcome/.rbenv/versions/2.6.3/lib/ruby/gems/2.6.0/gems/sidekiq-6.5.12/lib/sidekiq/processor.rb:68:in `run'
/home/welcome/.rbenv/versions/2.6.3/lib/ruby/gems/2.6.0/gems/sidekiq-6.5.12/lib/sidekiq/component.rb:8:in `watchdog'
/home/welcome/.rbenv/versions/2.6.3/lib/ruby/gems/2.6.0/gems/sidekiq-6.5.12/lib/sidekiq/component.rb:17:in `block in safe_thread'
2024-05-16T17:37:41.427Z pid=38128 tid=onihcmjrs class=DownloadOrdersCsvWorker jid=a7ac39647fad637ee1631367 INFO: start
2024-05-16T17:37:41.428Z pid=38128 tid=hgxhrsa6s class=DownloadOrdersCsvWorker jid=29c6f4d7134f45a9d1747374 INFO: start
2024-05-16T17:37:41.430Z pid=38128 tid=onihcmjrs class=DownloadOrdersCsvWorker jid=a7ac39647fad637ee1631367 elapsed=0.004 INFO: fail
2024-05-16T17:37:41.432Z pid=38128 tid=onihcmjrs WARN: {"context":"Job raised exception","job":{"retry":10,"queue":"critical","args":["#<Order::ActiveRecord_Relation:0x000079e52c01d0c0>"],"class":"DownloadOrdersCsvWorker","jid":"a7ac39647fad637ee1631367","created_at":1715881043.3780015,"enqueued_at":1715881061.4261086,"error_message":"uninitialized constant DownloadOrdersCsvWorker","error_class":"NameError","failed_at":1715881043.3804104,"retry_count":0}}
2024-05-16T17:37:41.433Z pid=38128 tid=onihcmjrs WARN: NameError: uninitialized constant DownloadOrdersCsvWorker
2024-05-16T17:37:41.433Z pid=38128 tid=onihcmjrs WARN: /home/welcome/.rbenv/versions/2.6.3/lib/ruby/gems/2.6.0/gems/sidekiq-6.5.12/lib/sidekiq/processor.rb:274:in `const_get'
/home/welcome/.rbenv/versions/2.6.3/lib/ruby/gems/2.6.0/gems/sidekiq-6.5.12/lib/sidekiq/processor.rb:274:in `constantize'
/home/welcome/.rbenv/versions/2.6.3/lib/ruby/gems/2.6.0/gems/sidekiq-6.5.12/lib/sidekiq/processor.rb:132:in `block (5 levels) in dispatch'
/home/welcome/.rbenv/versions/2.6.3/lib/ruby/gems/2.6.0/gems/sidekiq-6.5.12/lib/sidekiq/rails.rb:14:in `block in call'
/home/welcome/.rbenv/versions/2.6.3/lib/ruby/gems/2.6.0/gems/activesupport-5.2.8.1/lib/active_support/execution_wrapper.rb:90:in `wrap'
/home/welcome/.rbenv/versions/2.6.3/lib/ruby/gems/2.6.0/gems/activesupport-5.2.8.1/lib/active_support/reloader.rb:73:in `block in wrap'
/home/welcome/.rbenv/versions/2.6.3/lib/ruby/gems/2.6.0/gems/activesupport-5.2.8.1/lib/active_support/execution_wrapper.rb:90:in `wrap'
/home/welcome/.rbenv/versions/2.6.3/lib/ruby/gems/2.6.0/gems/activesupport-5.2.8.1/lib/active_support/reloader.rb:72:in `wrap'
/home/welcome/.rbenv/versions/2.6.3/lib/ruby/gems/2.6.0/gems/sidekiq-6.5.12/lib/sidekiq/rails.rb:13:in `call'
/home/welcome/.rbenv/versions/2.6.3/lib/ruby/gems/2.6.0/gems/sidekiq-6.5.12/lib/sidekiq/processor.rb:131:in `block (4 levels) in dispatch'
/home/welcome/.rbenv/versions/2.6.3/lib/ruby/gems/2.6.0/gems/sidekiq-6.5.12/lib/sidekiq/processor.rb:263:in `stats'
/home/welcome/.rbenv/versions/2.6.3/lib/ruby/gems/2.6.0/gems/sidekiq-6.5.12/lib/sidekiq/processor.rb:126:in `block (3 levels) in dispatch'
/home/welcome/.rbenv/versions/2.6.3/lib/ruby/gems/2.6.0/gems/sidekiq-6.5.12/lib/sidekiq/job_logger.rb:13:in `call'
/home/welcome/.rbenv/versions/2.6.3/lib/ruby/gems/2.6.0/gems/sidekiq-6.5.12/lib/sidekiq/processor.rb:125:in `block (2 levels) in dispatch'
/home/welcome/.rbenv/versions/2.6.3/lib/ruby/gems/2.6.0/gems/sidekiq-6.5.12/lib/sidekiq/job_retry.rb:80:in `global'
/home/welcome/.rbenv/versions/2.6.3/lib/ruby/gems/2.6.0/gems/sidekiq-6.5.12/lib/sidekiq/processor.rb:124:in `block in dispatch'
/home/welcome/.rbenv/versions/2.6.3/lib/ruby/gems/2.6.0/gems/sidekiq-6.5.12/lib/sidekiq/job_logger.rb:39:in `prepare'
/home/welcome/.rbenv/versions/2.6.3/lib/ruby/gems/2.6.0/gems/sidekiq-6.5.12/lib/sidekiq/processor.rb:123:in `dispatch'
/home/welcome/.rbenv/versions/2.6.3/lib/ruby/gems/2.6.0/gems/sidekiq-6.5.12/lib/sidekiq/processor.rb:168:in `process'
/home/welcome/.rbenv/versions/2.6.3/lib/ruby/gems/2.6.0/gems/sidekiq-6.5.12/lib/sidekiq/processor.rb:78:in `process_one'
/home/welcome/.rbenv/versions/2.6.3/lib/ruby/gems/2.6.0/gems/sidekiq-6.5.12/lib/sidekiq/processor.rb:68:in `run'
/home/welcome/.rbenv/versions/2.6.3/lib/ruby/gems/2.6.0/gems/sidekiq-6.5.12/lib/sidekiq/component.rb:8:in `watchdog'
/home/welcome/.rbenv/versions/2.6.3/lib/ruby/gems/2.6.0/gems/sidekiq-6.5.12/lib/sidekiq/component.rb:17:in `block in safe_thread'
2024-05-16T17:37:41.435Z pid=38128 tid=hgxhrsa6s class=DownloadOrdersCsvWorker jid=29c6f4d7134f45a9d1747374 elapsed=0.006 INFO: fail
2024-05-16T17:37:41.436Z pid=38128 tid=hgxhrsa6s WARN: {"context":"Job raised exception","job":{"retry":10,"queue":"critical","args":["#<Order::ActiveRecord_Relation:0x000079e544307340>"],"class":"DownloadOrdersCsvWorker","jid":"29c6f4d7134f45a9d1747374","created_at":1715881044.2321067,"enqueued_at":1715881061.427945,"error_message":"uninitialized constant DownloadOrdersCsvWorker","error_class":"NameError","failed_at":1715881044.2346475,"retry_count":0}}
2024-05-16T17:37:41.436Z pid=38128 tid=hgxhrsa6s WARN: NameError: uninitialized constant DownloadOrdersCsvWorker
2024-05-16T17:37:41.436Z pid=38128 tid=hgxhrsa6s WARN: /home/welcome/.rbenv/versions/2.6.3/lib/ruby/gems/2.6.0/gems/sidekiq-6.5.12/lib/sidekiq/processor.rb:274:in `const_get'
/home/welcome/.rbenv/versions/2.6.3/lib/ruby/gems/2.6.0/gems/sidekiq-6.5.12/lib/sidekiq/processor.rb:274:in `constantize'
/home/welcome/.rbenv/versions/2.6.3/lib/ruby/gems/2.6.0/gems/sidekiq-6.5.12/lib/sidekiq/processor.rb:132:in `block (5 levels) in dispatch'
/home/welcome/.rbenv/versions/2.6.3/lib/ruby/gems/2.6.0/gems/sidekiq-6.5.12/lib/sidekiq/rails.rb:14:in `block in call'
/home/welcome/.rbenv/versions/2.6.3/lib/ruby/gems/2.6.0/gems/activesupport-5.2.8.1/lib/active_support/execution_wrapper.rb:90:in `wrap'
/home/welcome/.rbenv/versions/2.6.3/lib/ruby/gems/2.6.0/gems/activesupport-5.2.8.1/lib/active_support/reloader.rb:73:in `block in wrap'
/home/welcome/.rbenv/versions/2.6.3/lib/ruby/gems/2.6.0/gems/activesupport-5.2.8.1/lib/active_support/execution_wrapper.rb:90:in `wrap'
/home/welcome/.rbenv/versions/2.6.3/lib/ruby/gems/2.6.0/gems/activesupport-5.2.8.1/lib/active_support/reloader.rb:72:in `wrap'
/home/welcome/.rbenv/versions/2.6.3/lib/ruby/gems/2.6.0/gems/sidekiq-6.5.12/lib/sidekiq/rails.rb:13:in `call'
/home/welcome/.rbenv/versions/2.6.3/lib/ruby/gems/2.6.0/gems/sidekiq-6.5.12/lib/sidekiq/processor.rb:131:in `block (4 levels) in dispatch'
/home/welcome/.rbenv/versions/2.6.3/lib/ruby/gems/2.6.0/gems/sidekiq-6.5.12/lib/sidekiq/processor.rb:263:in `stats'
/home/welcome/.rbenv/versions/2.6.3/lib/ruby/gems/2.6.0/gems/sidekiq-6.5.12/lib/sidekiq/processor.rb:126:in `block (3 levels) in dispatch'
/home/welcome/.rbenv/versions/2.6.3/lib/ruby/gems/2.6.0/gems/sidekiq-6.5.12/lib/sidekiq/job_logger.rb:13:in `call'
/home/welcome/.rbenv/versions/2.6.3/lib/ruby/gems/2.6.0/gems/sidekiq-6.5.12/lib/sidekiq/processor.rb:125:in `block (2 levels) in dispatch'
/home/welcome/.rbenv/versions/2.6.3/lib/ruby/gems/2.6.0/gems/sidekiq-6.5.12/lib/sidekiq/job_retry.rb:80:in `global'
/home/welcome/.rbenv/versions/2.6.3/lib/ruby/gems/2.6.0/gems/sidekiq-6.5.12/lib/sidekiq/processor.rb:124:in `block in dispatch'
/home/welcome/.rbenv/versions/2.6.3/lib/ruby/gems/2.6.0/gems/sidekiq-6.5.12/lib/sidekiq/job_logger.rb:39:in `prepare'
/home/welcome/.rbenv/versions/2.6.3/lib/ruby/gems/2.6.0/gems/sidekiq-6.5.12/lib/sidekiq/processor.rb:123:in `dispatch'
/home/welcome/.rbenv/versions/2.6.3/lib/ruby/gems/2.6.0/gems/sidekiq-6.5.12/lib/sidekiq/processor.rb:168:in `process'
/home/welcome/.rbenv/versions/2.6.3/lib/ruby/gems/2.6.0/gems/sidekiq-6.5.12/lib/sidekiq/processor.rb:78:in `process_one'
/home/welcome/.rbenv/versions/2.6.3/lib/ruby/gems/2.6.0/gems/sidekiq-6.5.12/lib/sidekiq/processor.rb:68:in `run'
/home/welcome/.rbenv/versions/2.6.3/lib/ruby/gems/2.6.0/gems/sidekiq-6.5.12/lib/sidekiq/component.rb:8:in `watchdog'
/home/welcome/.rbenv/versions/2.6.3/lib/ruby/gems/2.6.0/gems/sidekiq-6.5.12/lib/sidekiq/component.rb:17:in `block in safe_thread'
